1622018242070	geckodriver	INFO	Listening on 127.0.0.1:57105
1622018245132	mozrunner::runner	INFO	Running command: "C:\\Program Files\\Mozilla Firefox\\firefox.exe" "--marionette" "-foreground" "-no-remote" "-profile" "C:\\Users\\Joris\\AppData\\Local\\Temp\\rust_mozprofilenTN0Yc"
1622018245578	Marionette	INFO	Marionette enabled
console.warn: SearchSettings: "get: No settings file exists, new profile?" (new Error("", "(unknown module)"))
1622018247214	Marionette	INFO	Listening on port 57113
1622018247317	Marionette	WARN	TLS certificate errors will be ignored for this session
1622018446891	Marionette	INFO	Stopped listening on port 57113

###!!! [Child][RunMessage] Error: Channel closing: too late to send/recv, messages will be lost

"--marionette" "-foreground" "-no-remote" "-profile" "C:\\Users\\Joris\\AppData\\Local\\Temp\\rust_mozprofile39EAu1"
1622018437281	Marionette	INFO	Marionette enabled
console.warn: SearchSettings: "get: No settings file exists, new profile?" (new Error("", "(unknown module)"))
1622018439268	Marionette	INFO	Listening on port 57229
1622018439549	Marionette	WARN	TLS certificate errors will be ignored for this session
1622018644634	Marionette	INFO	Stopped listening on port 57221622018646094	mozrunner::runner	INFO	Running command: "C:\\Program Files\\Mozilla Firefox\\firefox.exe" "--marionette" "-foreground" "-no-remote" "-profile" "C:\\Users\\Joris\\AppData\\Local\\Temp\\rust_mozprofileJwTYzB"
1622018646594	Marionette	INFO	Marionette enabled
console.warn: SearchSettings: "get: No settings file exists, new profile?" (new Error("", "(unknown module)"))
1622018648192	Marionette	INFO	Listening on port 57309
1622018648265	Marionette	WARN	TLS certificate errors will be ignored for this session
1622019190642	Marionette	INFO	Stopped listening on port 57309

###!!! [Child][RunMessage] Error: Channel closing: too late to send/recv, messages will be lost

1622019276039	geckodriver	INFO	Listening on 127.0.0.1:57422
1622019279140	mozrunner::runner	INFO	Running command: "C:\\Program Files\\Mozilla Firefox\\firefox.exe" "--marionette" "-foreground" "-no-remote" "-profile" "C:\\Users\\Joris\\AppData\\Local\\Temp\\rust_mozprofile8nnFrc"
1622019279623	Marionette	INFO	Marionette enabled
console.warn: SearchSettings: "get: No settings file exists, new profile?" (new Error("", "(unknown module)"))
1622019281268	Marionette	INFO	Listening on port 57432
1622019281304	Marionette	WARN	TLS certificate errors will be ignored for this session
1622019282252	Marionette	INFO	Stopped listening on port 57431622019284438	mozrunner::runner	INFO	Running command: "C:\\Program Files\\Mozilla Firefox\\firefox.exe" "--marionette" "-foreground" "-no-remote" "-profile" "C:\\Users\\Joris\\AppData\\Local\\Temp\\rust_mozprofileB0AHBr"
1622019284778	Marionette	INFO	Marionette enabled
console.warn: SearchSettings: "get: No settings file exists, new profile?" (new Error("", "(unknown module)"))
1622019286621	Marionette	INFO	Listening on port 57481
1622019287116	Marionette	WARN	TLS certificate errors will be ignored for this session
1622019296648	Marionette	INFO	Stopped listening on port 57481

###!!! [Child][RunMessage] Error: Channel closing: too late to send/recv, messages will be lost

1622019344930	geckodriver	INFO	Listening on 127.0.0.1:57530
1622019348016	mozrunner::runner	INFO	Running command: "C:\\Program Files\\Mozilla Firefox\\firefox.exe" "--marionette" "-foreground" "-no-remote" "-profile" "C:\\Users\\Joris\\AppData\\Local\\Temp\\rust_mozprofileuDBi8K"
1622019348509	Marionette	INFO	Marionette enabled
console.warn: SearchSettings: "get: No settings file exists, new profile?" (new Error("", "(unknown module)"))
1622019350180	Marionette	INFO	Listening on port 57538
1622019350697	Marionette	WARN	TLS certificate errors will be ignored for this session
1622019362073	Marionette	INFO	Stopped listening on port 57538

###!!! [Child][RunMessage] Error: Channel closing: too late to send/recv, messages will be lost

1622020303066	geckodriver	INFO	Listening on 127.0.0.1:62134
1622020306152	mozrunner::runner	INFO	Running command: "C:\\Program Files\\Mozilla Firefox\\firefox.exe" "--marionette" "-foreground" "-no-remote" "-profile" "C:\\Users\\Joris\\AppData\\Local\\Temp\\rust_mozprofileuRqtNd"
1622020306692	Marionette	INFO	Marionette enabled
console.warn: SearchSettings: "get: No settings file exists, new profile?" (new Error("", "(unknown module)"))
1622020308467	Marionette	INFO	Listening on port 62142
1622020308823	Marionette	WARN	TLS certificate errors will be ignored for this session
1622020353001	Marionette	INFO	Stopped listening on port 62142

###!!! [Child][RunMessage] Error: Channel closing: too late to send/recv, messages will be lost

1622020358329	geckodriver	INFO	Listening on 127.0.0.1:62192
1622020361410	mozrunner::runner	INFO	Running command: "C:\\Program Files\\Mozilla Firefox\\firefox.exe" "--marionette" "-foreground" "-no-remote" "-profile" "C:\\Users\\Joris\\AppData\\Local\\Temp\\rust_mozprofile2IjRZy"
1622020361941	Marionette	INFO	Marionette enabled
console.warn: SearchSettings: "get: No settings file exists, new profile?" (new Error("", "(unknown module)"))
1622020363995	Marionette	INFO	Listening on port 62200
1622020364095	Marionette	WARN	TLS certificate errors will be ignored for this session
1622020368133	Marionette	INFO	Stopped listening on port 62200

###!!! [Child][RunMessage] Error: Channel closing: too late to send/recv, messages will be lost

1622020431463	geckodriver	INFO	Listening on 127.0.0.1:62252
1622020434630	mozrunner::runner	INFO	Running command: "C:\\Program Files\\Mozilla Firefox\\firefox.exe" "--marionette" "-foreground" "-no-remote" "-profile" "C:\\Users\\Joris\\AppData\\Local\\Temp\\rust_mozprofilefCOSW4"
1622020435173	Marionette	INFO	Marionette enabled
console.warn: SearchSettings: "get: No settings file exists, new profile?" (new Error("", "(unknown module)"))
1622020436917	Marionette	INFO	Listening on port 62260
1622020437291	Marionette	WARN	TLS certificate errors will be ignored for this session
1622021040351	Marionette	INFO	Stopped listening on port 62260

###!!! [Child][RunMessage] Error: Channel closing: too late to send/recv, messages will be lost

"--marionette" "-foreground" "-no-remote" "-profile" "C:\\Users\\Joris\\AppData\\Local\\Temp\\rust_mozprofilezklqgr"
1622020821000	Marionette	INFO	Marionette enabled
console.warn: SearchSettings: "get: No settings file exists, new profile?" (new Error("", "(unknown module)"))
1622020822950	Marionette	INFO	Listening on port 62359
1622020823244	Marionette	WARN	TLS certificate errors will be ignored for this session
1622021462132	Marionette	INFO	Stopped listening on port 62359

###!!! [Child][RunMessage] Error: Channel closing: too late to send/recv, messages will be lost

"--marionette" "-foreground" "-no-remote" "-profile" "C:\\Users\\Joris\\AppData\\Local\\Temp\\rust_mozprofilecOpDt5"
1622021256071	Marionette	INFO	Marionette enabled
console.warn: SearchSettings: "get: No settings file exists, new profile?" (new Error("", "(unknown module)"))
1622021258107	Marionette	INFO	Listening on port 60993
1622021258134	Marionette	WARN	TLS certificate errors will be ignored for this session
1622022106379	Marionette	INFO	Stopped listening on port 60993

###!!! [Child][RunMessage] Error: Channel closing: too late to send/recv, messages will be lost

"--marionette" "-foreground" "-no-remote" "-profile" "C:\\Users\\Joris\\AppData\\Local\\Temp\\rust_mozprofilejlOKtv"
1622022083150	Marionette	INFO	Marionette enabled
console.warn: SearchSettings: "get: No settings file exists, new profile?" (new Error("", "(unknown module)"))
1622022085026	Marionette	INFO	Listening on port 61204
1622022085299	Marionette	WARN	TLS certificate errors will be ignored for this session
1622022103994	Marionette	INFO	Stopped listening on port 61201622022105410	mozrunner::runner	INFO	Running command: "C:\\Program Files\\Mozilla Firefox\\firefox.exe" "--marionette" "-foreground" "-no-remote" "-profile" "C:\\Users\\Joris\\AppData\\Local\\Temp\\rust_mozprofiledkh9jZ"
1622022105934	Marionette	INFO	Marionette enabled
console.warn: SearchSettings: "get: No settings file exists, new profile?" (new Error("", "(unknown module)"))
1622022108194	Marionette	INFO	Listening on port 61263
1622022108575	Marionette	WARN	TLS certificate errors will be ignored for this session
1622022304898	geckodriver	INFO	Listening on 127.0.0.1:61361
1622022307965	mozrunner::runner	INFO	Running command: "C:\\Program Files\\Mozilla Firefox\\firefox.exe" "--marionette" "-foreground" "-no-remote" "-profile" "C:\\Users\\Joris\\AppData\\Local\\Temp\\rust_mozprofilesgrfCm"
1622022308480	Marionette	INFO	Marionette enabled
console.warn: SearchSettings: "get: No settings file exists, new profile?" (new Error("", "(unknown module)"))
1622022310502	Marionette	INFO	Listening on port 61369
1622022310645	Marionette	WARN	TLS certificate errors will be ignored for this session
1622022661150	Marionette	INFO	Stopped listening on port 61369

###!!! [Child][RunMessage] Error: Channel closing: too late to send/recv, messages will be lost

1622022662168	geckodriver	INFO	Listening on 127.0.0.1:61445
1622022665252	mozrunner::runner	INFO	Running command: "C:\\Program Files\\Mozilla Firefox\\firefox.exe" "--marionette" "-foreground" "-no-remote" "-profile" "C:\\Users\\Joris\\AppData\\Local\\Temp\\rust_mozprofilePliuPh"
1622022665796	Marionette	INFO	Marionette enabled
console.warn: SearchSettings: "get: No settings file exists, new profile?" (new Error("", "(unknown module)"))
1622022667702	Marionette	INFO	Listening on port 61456
1622022667943	Marionette	WARN	TLS certificate errors will be ignored for this session
1622023015020	Marionette	INFO	Stopped listening on port 61456

###!!! [Child][RunMessage] Error: Channel closing: too late to send/recv, messages will be lost

1622023017908	geckodriver	INFO	Listening on 127.0.0.1:61535
1622023020991	mozrunner::runner	INFO	Running command: "C:\\Program Files\\Mozilla Firefox\\firefox.exe" "--marionette" "-foreground" "-no-remote" "-profile" "C:\\Users\\Joris\\AppData\\Local\\Temp\\rust_mozprofilehnRXr1"
1622023021564	Marionette	INFO	Marionette enabled
console.warn: SearchSettings: "get: No settings file exists, new profile?" (new Error("", "(unknown module)"))
1622023023766	Marionette	INFO	Listening on port 61543
1622023024166	Marionette	WARN	TLS certificate errors will be ignored for this session
1622023545138	geckodriver	INFO	Listening on 127.0.0.1:61786
1622023548235	mozrunner::runner	INFO	Running command: "C:\\Program Files\\Mozilla Firefox\\firefox.exe" "--marionette" "-foreground" "-no-remote" "-profile" "C:\\Users\\Joris\\AppData\\Local\\Temp\\rust_mozprofilec0HxDU"
1622023548808	Marionette	INFO	Marionette enabled
console.warn: SearchSettings: "get: No settings file exists, new profile?" (new Error("", "(unknown module)"))
1622023551082	Marionette	INFO	Listening on port 61795
1622023551407	Marionette	WARN	TLS certificate errors will be ignored for this session
1622023767598	Marionette	INFO	Stopped listening on port 61795

###!!! [Child][RunMessage] Error: Channel closing: too late to send/recv, messages will be lost

1622031165034	geckodriver	INFO	Listening on 127.0.0.1:52442
1622031168151	mozrunner::runner	INFO	Running command: "C:\\Program Files\\Mozilla Firefox\\firefox.exe" "--marionette" "-foreground" "-no-remote" "-profile" "C:\\Users\\Joris\\AppData\\Local\\Temp\\rust_mozprofileJn17G2"
1622031168707	Marionette	INFO	Marionette enabled
console.warn: SearchSettings: "get: No settings file exists, new profile?" (new Error("", "(unknown module)"))
1622031170610	Marionette	INFO	Listening on port 52450
1622031170808	Marionette	WARN	TLS certificate errors will be ignored for this session
1622031178004	Marionette	INFO	Stopped listening on port 52450

###!!! [Child][RunMessage] Error: Channel closing: too late to send/recv, messages will be lost

1622049231522	geckodriver	INFO	Listening on 127.0.0.1:57084
1622049234610	mozrunner::runner	INFO	Running command: "C:\\Program Files\\Mozilla Firefox\\firefox.exe" "--marionette" "-foreground" "-no-remote" "-profile" "C:\\Users\\Joris\\AppData\\Local\\Temp\\rust_mozprofilePSXAvx"
1622049235076	Marionette	INFO	Marionette enabled
console.warn: SearchSettings: "get: No settings file exists, new profile?" (new Error("", "(unknown module)"))
1622049236954	Marionette	INFO	Listening on port 57092
1622049237279	Marionette	WARN	TLS certificate errors will be ignored for this session
1622049245135	Marionette	INFO	Stopped listening on port 57092
1622049365828	geckodriver	INFO	Listening on 127.0.0.1:57162
1622049368984	mozrunner::runner	INFO	Running command: "C:\\Program Files\\Mozilla Firefox\\firefox.exe" "--marionette" "-foreground" "-no-remote" "-profile" "C:\\Users\\Joris\\AppData\\Local\\Temp\\rust_mozprofile0TNFKX"
1622049369495	Marionette	INFO	Marionette enabled
console.warn: SearchSettings: "get: No settings file exists, new profile?" (new Error("", "(unknown module)"))
1622049371246	Marionette	INFO	Listening on port 57171
1622049371660	Marionette	WARN	TLS certificate errors will be ignored for this session
1622050394036	Marionette	INFO	Stopped listening on port 57171

###!!! [Child][RunMessage] Error: Channel closing: too late to send/recv, messages will be lost

"--marionette" "-foreground" "-no-remote" "-profile" "C:\\Users\\Joris\\AppData\\Local\\Temp\\rust_mozprofilej1EFyM"
1622050359380	Marionette	INFO	Marionette enabled
console.warn: SearchSettings: "get: No settings file exists, new profile?" (new Error("", "(unknown module)"))
1622050361091	Marionette	INFO	Listening on port 57384
1622050361545	Marionette	WARN	TLS certificate errors will be ignored for this session
1622050366616	Marionette	INFO	Stopped listening on port 57384
1622050430377	geckodriver	INFO	Listening on 127.0.0.1:57439
1622050433479	mozrunner::runner	INFO	Running command: "C:\\Program Files\\Mozilla Firefox\\firefox.exe" "--marionette" "-foreground" "-no-remote" "-profile" "C:\\Users\\Joris\\AppData\\Local\\Temp\\rust_mozprofileJNiRVS"
1622050433972	Marionette	INFO	Marionette enabled
console.warn: SearchSettings: "get: No settings file exists, new profile?" (new Error("", "(unknown module)"))
1622050435902	Marionette	INFO	Listening on port 57447
1622050436152	Marionette	WARN	TLS certificate errors will be ignored for this session

###!!! [Child][MessageChannel] Error: (msgtype=0x3A0155,name=PContent::Msg_InsertNewFocusActionId) Closed channel: cannot send/recv

